#
# There is insufficient memory for the Java Runtime Environment to continue.
# Native memory allocation (malloc) failed to allocate 324001792 bytes for committing reserved memory.
# Possible reasons:
#   The system is out of physical RAM or swap space
#   In 32 bit mode, the process size limit was hit
# Possible solutions:
#   Reduce memory load on the system
#   Increase physical memory or swap space
#   Check if swap backing store is full
#   Use 64 bit Java on a 64 bit OS
#   Decrease Java heap size (-Xmx/-Xms)
#   Decrease number of Java threads
#   Decrease Java thread stack sizes (-Xss)
#   Set larger code cache with -XX:ReservedCodeCacheSize=
# This output file may be truncated or incomplete.
#
#  Out of Memory Error (os_linux.cpp:2798), pid=17371, tid=2416483136
#
# JRE version: OpenJDK Runtime Environment (7.0_65-b32) (build 1.7.0_65-b32)
# Java VM: OpenJDK Client VM (24.65-b04 mixed mode linux-x86 )
# Failed to write core dump. Core dumps have been disabled. To enable core dumping, try "ulimit -c unlimited" before starting Java again
#

---------------  T H R E A D  ---------------

Current thread (0xb6862800):  VMThread [stack: 0x90009000,0x9008a000] [id=17380]

Stack: [0x90009000,0x9008a000]
VM_Operation (0xb69a2e8c): GenCollectForAllocation, mode: safepoint, requested by thread 0xb6808c00


---------------  P R O C E S S  ---------------

Java Threads: ( => current thread )
  0xb6886c00 JavaThread "Service Thread" daemon [_thread_blocked, id=17393, stack(0x8fc48000,0x8fc99000)]
  0xb6884c00 JavaThread "C1 CompilerThread0" daemon [_thread_blocked, id=17392, stack(0x8fc99000,0x8fd1a000)]
  0x098b4000 JavaThread "JDWP Command Reader" daemon [_thread_in_native, id=17389, stack(0x8fd1a000,0x8fd6b000)]
  0xb6883000 JavaThread "JDWP Event Helper Thread" daemon [_thread_blocked, id=17388, stack(0x8fd6b000,0x8fdbc000)]
  0xb6880800 JavaThread "JDWP Transport Listener: dt_socket" daemon [_thread_blocked, id=17385, stack(0x8fdbc000,0x8fe0d000)]
  0xb6878000 JavaThread "Signal Dispatcher" daemon [_thread_blocked, id=17383, stack(0x8fe0d000,0x8fe5e000)]
  0xb6866800 JavaThread "Finalizer" daemon [_thread_blocked, id=17382, stack(0x8fe5e000,0x8feaf000)]
  0xb6865000 JavaThread "Reference Handler" daemon [_thread_blocked, id=17381, stack(0x8feaf000,0x8ff00000)]
  0xb6808c00 JavaThread "main" [_thread_blocked, id=17378, stack(0xb6953000,0xb69a4000)]

Other Threads:
=>0xb6862800 VMThread [stack: 0x90009000,0x9008a000] [id=17380]
  0xb6889000 WatcherThread [stack: 0x8fbc7000,0x8fc48000] [id=17394]

VM state:at safepoint (normal execution)

VM Mutex/Monitor currently owned by a thread:  ([mutex/lock_event])
[0xb6806270] Threads_lock - owner thread: 0xb6862800
[0xb6806680] Heap_lock - owner thread: 0xb6808c00

Heap
 def new generation   total 4992K, used 0K [0x90400000, 0x90960000, 0x9aea0000)
  eden space 4480K,   0% used [0x90400000, 0x90400000, 0x90860000)
  from space 512K,   0% used [0x90860000, 0x90860000, 0x908e0000)
  to   space 512K,   0% used [0x908e0000, 0x908e0000, 0x90960000)
 tenured generation   total 10944K, used 491K [0x9aea0000, 0x9b950000, 0xb0400000)
   the space 10944K,   4% used [0x9aea0000, 0x9af1ae38, 0x9af1b000, 0x9b950000)
 compacting perm gen  total 12288K, used 2670K [0xb0400000, 0xb1000000, 0xb4400000)
   the space 12288K,  21% used [0xb0400000, 0xb069b910, 0xb069ba00, 0xb1000000)
No shared spaces configured.

Card table byte_map: [0x902df000,0x90400000] byte_map_base: 0x8fe5d000

Polling page: 0xb7752000

Code Cache  [0xb4585000, 0xb4625000, 0xb6585000)
 total_blobs=148 nmethods=12 adapters=82 free_code_cache=32131Kb largest_free_block=32902656

Compilation events (10 events):
Event: 0.995 Thread 0xb6884c00    8             java.lang.Object::<init> (1 bytes)
Event: 0.995 Thread 0xb6884c00 nmethod 8 0xb4617d08 code [0xb4617e00, 0xb4617e90]
Event: 1.119 Thread 0xb6884c00    9             java.lang.String::indexOf (166 bytes)
Event: 1.120 Thread 0xb6884c00 nmethod 9 0xb4618088 code [0xb46181a0, 0xb46183d0]
Event: 1.149 Thread 0xb6884c00   10   !         java.io.BufferedReader::readLine (304 bytes)
Event: 1.152 Thread 0xb6884c00 nmethod 10 0xb4618708 code [0xb46189e0, 0xb4619a48]
Event: 1.153 Thread 0xb6884c00   11             sun.nio.cs.UTF_8$Decoder::decodeArrayLoop (543 bytes)
Event: 1.173 Thread 0xb6884c00 nmethod 11 0xb461a7c8 code [0xb461ad30, 0xb461be3c]
Event: 1.193 Thread 0xb6884c00   12             sun.nio.cs.UTF_8$Decoder::decode (640 bytes)
Event: 1.208 Thread 0xb6884c00 nmethod 12 0xb461ea88 code [0xb461eee0, 0xb4620480]

GC Heap History (2 events):
Event: 2.184 GC heap before
{Heap before GC invocations=0 (full 0):
 def new generation   total 4928K, used 921K [0x90400000, 0x90950000, 0x9aea0000)
  eden space 4416K,  20% used [0x90400000, 0x904e6528, 0x90850000)
  from space 512K,   0% used [0x90850000, 0x90850000, 0x908d0000)
  to   space 512K,   0% used [0x908d0000, 0x908d0000, 0x90950000)
 tenured generation   total 10944K, used 0K [0x9aea0000, 0x9b950000, 0xb0400000)
   the space 10944K,   0% used [0x9aea0000, 0x9aea0000, 0x9aea0200, 0x9b950000)
 compacting perm gen  total 12288K, used 2670K [0xb0400000, 0xb1000000, 0xb4400000)
   the space 12288K,  21% used [0xb0400000, 0xb069b910, 0xb069ba00, 0xb1000000)
No shared spaces configured.
Event: 2.242 GC heap after
Heap after GC invocations=1 (full 1):
 def new generation   total 4992K, used 0K [0x90400000, 0x90960000, 0x9aea0000)
  eden space 4480K,   0% used [0x90400000, 0x90400000, 0x90860000)
  from space 512K,   0% used [0x90860000, 0x90860000, 0x908e0000)
  to   space 512K,   0% used [0x908e0000, 0x908e0000, 0x90960000)
 tenured generation   total 10944K, used 491K [0x9aea0000, 0x9b950000, 0xb0400000)
   the space 10944K,   4% used [0x9aea0000, 0x9af1ae38, 0x9af1b000, 0x9b950000)
 compacting perm gen  total 12288K, used 2670K [0xb0400000, 0xb1000000, 0xb4400000)
   the space 12288K,  21% used [0xb0400000, 0xb069b910, 0xb069ba00, 0xb1000000)
No shared spaces configured.
}

Deoptimization events (0 events):
No events

Internal exceptions (10 events):
Event: 1.112 Thread 0xb6808c00 Threw 0x9046a200 at /build/buildd/openjdk-7-7u65-2.5.1/build/openjdk/hotspot/src/share/vm/prims/jvm.cpp:1247
Event: 1.114 Thread 0xb6808c00 Threw 0x9046af50 at /build/buildd/openjdk-7-7u65-2.5.1/build/openjdk/hotspot/src/share/vm/prims/jvm.cpp:1247
Event: 1.166 Thread 0xb6808c00 Threw 0x9047d400 at /build/buildd/openjdk-7-7u65-2.5.1/build/openjdk/hotspot/src/share/vm/prims/jvm.cpp:1247
Event: 1.166 Thread 0xb6808c00 Threw 0x9047d518 at /build/buildd/openjdk-7-7u65-2.5.1/build/openjdk/hotspot/src/share/vm/prims/jvm.cpp:1247
Event: 1.167 Thread 0xb6808c00 Threw 0x9047fec0 at /build/buildd/openjdk-7-7u65-2.5.1/build/openjdk/hotspot/src/share/vm/prims/jvm.cpp:1247
Event: 1.167 Thread 0xb6808c00 Threw 0x9047ffd8 at /build/buildd/openjdk-7-7u65-2.5.1/build/openjdk/hotspot/src/share/vm/prims/jvm.cpp:1247
Event: 1.167 Thread 0xb6808c00 Threw 0x90480850 at /build/buildd/openjdk-7-7u65-2.5.1/build/openjdk/hotspot/src/share/vm/prims/jvm.cpp:1247
Event: 1.167 Thread 0xb6808c00 Threw 0x90480968 at /build/buildd/openjdk-7-7u65-2.5.1/build/openjdk/hotspot/src/share/vm/prims/jvm.cpp:1247
Event: 1.691 Thread 0xb6808c00 Threw 0x90487138 at /build/buildd/openjdk-7-7u65-2.5.1/build/openjdk/hotspot/src/share/vm/prims/jni.cpp:721
Event: 2.176 Thread 0xb6808c00 Threw 0x904a8bc0 at /build/buildd/openjdk-7-7u65-2.5.1/build/openjdk/hotspot/src/share/vm/prims/jvm.cpp:1247

Events (10 events):
Event: 2.169 loading class 0xb68e1e48 done
Event: 2.169 loading class 0xb68e1a50 done
Event: 2.171 loading class 0x098dbb30 done
Event: 2.175 loading class 0xb68b0f90
Event: 2.175 loading class 0xb68e2210
Event: 2.176 loading class 0xb68e2210 done
Event: 2.176 loading class 0xb68b0f90 done
Event: 2.176 loading class 0xb68b1010
Event: 2.176 loading class 0xb68b1010 done
Event: 2.184 Executing VM operation: GenCollectForAllocation


Dynamic libraries:
08048000-08049000 r-xp 00000000 08:11 15598205   /usr/lib/jvm/java-7-openjdk-i386/jre/bin/java
08049000-0804a000 r--p 00000000 08:11 15598205   /usr/lib/jvm/java-7-openjdk-i386/jre/bin/java
0804a000-0804b000 rw-p 00001000 08:11 15598205   /usr/lib/jvm/java-7-openjdk-i386/jre/bin/java
098ae000-09962000 rw-p 00000000 00:00 0          [heap]
8ef00000-8ef29000 rw-p 00000000 00:00 0 
8ef29000-8f000000 ---p 00000000 00:00 0 
8f0ed000-8f0f0000 r-xp 00000000 08:11 6816712    /lib/i386-linux-gnu/libgpg-error.so.0.10.0
8f0f0000-8f0f1000 r--p 00002000 08:11 6816712    /lib/i386-linux-gnu/libgpg-error.so.0.10.0
8f0f1000-8f0f2000 rw-p 00003000 08:11 6816712    /lib/i386-linux-gnu/libgpg-error.so.0.10.0
8f0f2000-8f0f4000 r-xp 00000000 08:11 6816891    /lib/i386-linux-gnu/libkeyutils.so.1.4
8f0f4000-8f0f5000 r--p 00002000 08:11 6816891    /lib/i386-linux-gnu/libkeyutils.so.1.4
8f0f5000-8f0f6000 rw-p 00003000 08:11 6816891    /lib/i386-linux-gnu/libkeyutils.so.1.4
8f0f6000-8f132000 r-xp 00000000 08:11 6816670    /lib/i386-linux-gnu/libpcre.so.3.13.1
8f132000-8f133000 r--p 0003b000 08:11 6816670    /lib/i386-linux-gnu/libpcre.so.3.13.1
8f133000-8f134000 rw-p 0003c000 08:11 6816670    /lib/i386-linux-gnu/libpcre.so.3.13.1
8f134000-8f15a000 r-xp 00000000 08:11 6816797    /lib/i386-linux-gnu/libpng12.so.0.50.0
8f15a000-8f15b000 r--p 00025000 08:11 6816797    /lib/i386-linux-gnu/libpng12.so.0.50.0
8f15b000-8f15c000 rw-p 00026000 08:11 6816797    /lib/i386-linux-gnu/libpng12.so.0.50.0
8f15c000-8f1a5000 r-xp 00000000 08:11 6816795    /lib/i386-linux-gnu/libdbus-1.so.3.7.6
8f1a5000-8f1a6000 r--p 00048000 08:11 6816795    /lib/i386-linux-gnu/libdbus-1.so.3.7.6
8f1a6000-8f1a7000 rw-p 00049000 08:11 6816795    /lib/i386-linux-gnu/libdbus-1.so.3.7.6
8f1a7000-8f1de000 r-xp 00000000 08:11 14024885   /usr/lib/i386-linux-gnu/libp11-kit.so.0.0.0
8f1de000-8f1df000 ---p 00037000 08:11 14024885   /usr/lib/i386-linux-gnu/libp11-kit.so.0.0.0
8f1df000-8f1e2000 r--p 00037000 08:11 14024885   /usr/lib/i386-linux-gnu/libp11-kit.so.0.0.0
8f1e2000-8f1e3000 rw-p 0003a000 08:11 14024885   /usr/lib/i386-linux-gnu/libp11-kit.so.0.0.0
8f1e3000-8f1f3000 r-xp 00000000 08:11 14030886   /usr/lib/i386-linux-gnu/libtasn1.so.3.2.0
8f1f3000-8f1f4000 r--p 0000f000 08:11 14030886   /usr/lib/i386-linux-gnu/libtasn1.so.3.2.0
8f1f4000-8f1f5000 rw-p 00010000 08:11 14030886   /usr/lib/i386-linux-gnu/libtasn1.so.3.2.0
8f1f5000-8f277000 r-xp 00000000 08:11 6816723    /lib/i386-linux-gnu/libgcrypt.so.11.8.2
8f277000-8f278000 r--p 00081000 08:11 6816723    /lib/i386-linux-gnu/libgcrypt.so.11.8.2
8f278000-8f27a000 rw-p 00082000 08:11 6816723    /lib/i386-linux-gnu/libgcrypt.so.11.8.2
8f27a000-8f27b000 rw-p 00000000 00:00 0 
8f27b000-8f285000 r-xp 00000000 08:11 14030628   /usr/lib/i386-linux-gnu/libkrb5support.so.0.1
8f285000-8f286000 r--p 00009000 08:11 14030628   /usr/lib/i386-linux-gnu/libkrb5support.so.0.1
8f286000-8f287000 rw-p 0000a000 08:11 14030628   /usr/lib/i386-linux-gnu/libkrb5support.so.0.1
8f287000-8f28a000 r-xp 00000000 08:11 6816684    /lib/i386-linux-gnu/libcom_err.so.2.1
8f28a000-8f28b000 r--p 00002000 08:11 6816684    /lib/i386-linux-gnu/libcom_err.so.2.1
8f28b000-8f28c000 rw-p 00003000 08:11 6816684    /lib/i386-linux-gnu/libcom_err.so.2.1
8f28c000-8f2ba000 r-xp 00000000 08:11 14032434   /usr/lib/i386-linux-gnu/libk5crypto.so.3.1
8f2ba000-8f2bb000 r--p 0002d000 08:11 14032434   /usr/lib/i386-linux-gnu/libk5crypto.so.3.1
8f2bb000-8f2bc000 rw-p 0002e000 08:11 14032434   /usr/lib/i386-linux-gnu/libk5crypto.so.3.1
8f2bc000-8f373000 r-xp 00000000 08:11 14030463   /usr/lib/i386-linux-gnu/libkrb5.so.3.3
8f373000-8f379000 r--p 000b7000 08:11 14030463   /usr/lib/i386-linux-gnu/libkrb5.so.3.3
8f379000-8f37a000 rw-p 000bd000 08:11 14030463   /usr/lib/i386-linux-gnu/libkrb5.so.3.3
8f37a000-8f37f000 r-xp 00000000 08:11 14030072   /usr/lib/i386-linux-gnu/libXdmcp.so.6.0.0
8f37f000-8f380000 r--p 00004000 08:11 14030072   /usr/lib/i386-linux-gnu/libXdmcp.so.6.0.0
8f380000-8f381000 rw-p 00005000 08:11 14030072   /usr/lib/i386-linux-gnu/libXdmcp.so.6.0.0
8f381000-8f383000 r-xp 00000000 08:11 14030061   /usr/lib/i386-linux-gnu/libXau.so.6.0.0
8f383000-8f384000 r--p 00001000 08:11 14030061   /usr/lib/i386-linux-gnu/libXau.so.6.0.0
8f384000-8f385000 rw-p 00002000 08:11 14030061   /usr/lib/i386-linux-gnu/libXau.so.6.0.0
8f385000-8f38a000 r-xp 00000000 08:11 14030300   /usr/lib/i386-linux-gnu/libffi.so.6.0.1
8f38a000-8f38b000 r--p 00005000 08:11 14030300   /usr/lib/i386-linux-gnu/libffi.so.6.0.1
8f38b000-8f38c000 rw-p 00006000 08:11 14030300   /usr/lib/i386-linux-gnu/libffi.so.6.0.1
8f38c000-8f39f000 r-xp 00000000 08:11 6815935    /lib/i386-linux-gnu/libresolv-2.19.so
8f39f000-8f3a0000 ---p 00013000 08:11 6815935    /lib/i386-linux-gnu/libresolv-2.19.so
8f3a0000-8f3a1000 r--p 00013000 08:11 6815935    /lib/i386-linux-gnu/libresolv-2.19.so
8f3a1000-8f3a2000 rw-p 00014000 08:11 6815935    /lib/i386-linux-gnu/libresolv-2.19.so
8f3a2000-8f3a4000 rw-p 00000000 00:00 0 
8f3a4000-8f3c4000 r-xp 00000000 08:11 6815772    /lib/i386-linux-gnu/libselinux.so.1
8f3c4000-8f3c5000 r--p 0001f000 08:11 6815772    /lib/i386-linux-gnu/libselinux.so.1
8f3c5000-8f3c6000 rw-p 00020000 08:11 6815772    /lib/i386-linux-gnu/libselinux.so.1
8f3c6000-8f3c7000 rw-p 00000000 00:00 0 
8f3c7000-8f4d1000 r-xp 00000000 08:11 6816729    /lib/i386-linux-gnu/libglib-2.0.so.0.4000.0
8f4d1000-8f4d2000 r--p 00109000 08:11 6816729    /lib/i386-linux-gnu/libglib-2.0.so.0.4000.0
8f4d2000-8f4d3000 rw-p 0010a000 08:11 6816729    /lib/i386-linux-gnu/libglib-2.0.so.0.4000.0
8f4d3000-8f4d6000 r-xp 00000000 08:11 14028987   /usr/lib/i386-linux-gnu/libgmodule-2.0.so.0.4000.0
8f4d6000-8f4d7000 r--p 00002000 08:11 14028987   /usr/lib/i386-linux-gnu/libgmodule-2.0.so.0.4000.0
8f4d7000-8f4d8000 rw-p 00003000 08:11 14028987   /usr/lib/i386-linux-gnu/libgmodule-2.0.so.0.4000.0
8f4d8000-8f4fd000 r-xp 00000000 08:11 6816689    /lib/i386-linux-gnu/libexpat.so.1.6.0
8f4fd000-8f4fe000 ---p 00025000 08:11 6816689    /lib/i386-linux-gnu/libexpat.so.1.6.0
8f4fe000-8f500000 r--p 00025000 08:11 6816689    /lib/i386-linux-gnu/libexpat.so.1.6.0
8f500000-8f501000 rw-p 00027000 08:11 6816689    /lib/i386-linux-gnu/libexpat.so.1.6.0
8f501000-8f59b000 r-xp 00000000 08:11 14031402   /usr/lib/i386-linux-gnu/libfreetype.so.6.11.1
8f59b000-8f59c000 ---p 0009a000 08:11 14031402   /usr/lib/i386-linux-gnu/libfreetype.so.6.11.1
8f59c000-8f5a0000 r--p 0009a000 08:11 14031402   /usr/lib/i386-linux-gnu/libfreetype.so.6.11.1
8f5a0000-8f5a1000 rw-p 0009e000 08:11 14031402   /usr/lib/i386-linux-gnu/libfreetype.so.6.11.1
8f5a1000-8f5b1000 r-xp 00000000 08:11 14028992   /usr/lib/i386-linux-gnu/libavahi-client.so.3.2.9
8f5b1000-8f5b2000 r--p 0000f000 08:11 14028992   /usr/lib/i386-linux-gnu/libavahi-client.so.3.2.9
8f5b2000-8f5b3000 rw-p 00010000 08:11 14028992   /usr/lib/i386-linux-gnu/libavahi-client.so.3.2.9
8f5b3000-8f5bf000 r-xp 00000000 08:11 14025126   /usr/lib/i386-linux-gnu/libavahi-common.so.3.5.3
8f5bf000-8f5c0000 r--p 0000b000 08:11 14025126   /usr/lib/i386-linux-gnu/libavahi-common.so.3.5.3
8f5c0000-8f5c1000 rw-p 0000c000 08:11 14025126   /usr/lib/i386-linux-gnu/libavahi-common.so.3.5.3
8f5c1000-8f682000 r-xp 00000000 08:11 14027239   /usr/lib/i386-linux-gnu/libgnutls.so.26.22.6
8f682000-8f686000 r--p 000c0000 08:11 14027239   /usr/lib/i386-linux-gnu/libgnutls.so.26.22.6
8f686000-8f687000 rw-p 000c4000 08:11 14027239   /usr/lib/i386-linux-gnu/libgnutls.so.26.22.6
8f687000-8f6ca000 r-xp 00000000 08:11 14030624   /usr/lib/i386-linux-gnu/libgssapi_krb5.so.2.2
8f6ca000-8f6cb000 r--p 00042000 08:11 14030624   /usr/lib/i386-linux-gnu/libgssapi_krb5.so.2.2
8f6cb000-8f6cc000 rw-p 00043000 08:11 14030624   /usr/lib/i386-linux-gnu/libgssapi_krb5.so.2.2
8f6cc000-8f6ec000 r-xp 00000000 08:11 14027419   /usr/lib/i386-linux-gnu/libxcb.so.1.1.0
8f6ec000-8f6ed000 r--p 0001f000 08:11 14027419   /usr/lib/i386-linux-gnu/libxcb.so.1.1.0
8f6ed000-8f6ee000 rw-p 00020000 08:11 14027419   /usr/lib/i386-linux-gnu/libxcb.so.1.1.0
8f6ee000-8f73e000 r-xp 00000000 08:11 14028995   /usr/lib/i386-linux-gnu/libgobject-2.0.so.0.4000.0
8f73e000-8f73f000 r--p 0004f000 08:11 14028995   /usr/lib/i386-linux-gnu/libgobject-2.0.so.0.4000.0
8f73f000-8f740000 rw-p 00050000 08:11 14028995   /usr/lib/i386-linux-gnu/libgobject-2.0.so.0.4000.0
8f740000-8f8bd000 r-xp 00000000 08:11 14028993   /usr/lib/i386-linux-gnu/libgio-2.0.so.0.4000.0
8f8bd000-8f8bf000 r--p 0017c000 08:11 14028993   /usr/lib/i386-linux-gnu/libgio-2.0.so.0.4000.0
8f8bf000-8f8c0000 rw-p 0017e000 08:11 14028993   /usr/lib/i386-linux-gnu/libgio-2.0.so.0.4000.0
8f8c0000-8f8c1000 rw-p 00000000 00:00 0 
8f8c1000-8f8fa000 r-xp 00000000 08:11 14031405   /usr/lib/i386-linux-gnu/libfontconfig.so.1.8.0
8f8fa000-8f8fb000 r--p 00039000 08:11 14031405   /usr/lib/i386-linux-gnu/libfontconfig.so.1.8.0
8f8fb000-8f8fc000 rw-p 0003a000 08:11 14031405   /usr/lib/i386-linux-gnu/libfontconfig.so.1.8.0
8f8fc000-8f963000 r-xp 00000000 08:11 14024825   /usr/lib/i386-linux-gnu/libcups.so.2
8f963000-8f967000 r--p 00067000 08:11 14024825   /usr/lib/i386-linux-gnu/libcups.so.2
8f967000-8f968000 rw-p 0006b000 08:11 14024825   /usr/lib/i386-linux-gnu/libcups.so.2
8f968000-8f977000 r-xp 00000000 08:11 14030082   /usr/lib/i386-linux-gnu/libXi.so.6.1.0
8f977000-8f978000 r--p 0000e000 08:11 14030082   /usr/lib/i386-linux-gnu/libXi.so.6.1.0
8f978000-8f979000 rw-p 0000f000 08:11 14030082   /usr/lib/i386-linux-gnu/libXi.so.6.1.0
8f979000-8faa9000 r-xp 00000000 08:11 14027421   /usr/lib/i386-linux-gnu/libX11.so.6.3.0
8faa9000-8faaa000 r--p 00130000 08:11 14027421   /usr/lib/i386-linux-gnu/libX11.so.6.3.0
8faaa000-8faac000 rw-p 00131000 08:11 14027421   /usr/lib/i386-linux-gnu/libX11.so.6.3.0
8faac000-8faad000 rw-p 00000000 00:00 0 
8faad000-8fabe000 r-xp 00000000 08:11 14030074   /usr/lib/i386-linux-gnu/libXext.so.6.4.0
8fabe000-8fabf000 r--p 00010000 08:11 14030074   /usr/lib/i386-linux-gnu/libXext.so.6.4.0
8fabf000-8fac0000 rw-p 00011000 08:11 14030074   /usr/lib/i386-linux-gnu/libXext.so.6.4.0
8fac0000-8fb08000 r-xp 00000000 08:11 16646451   /usr/lib/jvm/java-7-openjdk-i386/jre/lib/i386/xawt/libmawt.so
8fb08000-8fb09000 r--p 00047000 08:11 16646451   /usr/lib/jvm/java-7-openjdk-i386/jre/lib/i386/xawt/libmawt.so
8fb09000-8fb0b000 rw-p 00048000 08:11 16646451   /usr/lib/jvm/java-7-openjdk-i386/jre/lib/i386/xawt/libmawt.so
8fb0b000-8fb0c000 rw-p 00000000 00:00 0 
8fb0c000-8fb9b000 r-xp 00000000 08:11 15991297   /usr/lib/jvm/java-7-openjdk-i386/jre/lib/i386/libawt.so
8fb9b000-8fb9c000 r--p 0008f000 08:11 15991297   /usr/lib/jvm/java-7-openjdk-i386/jre/lib/i386/libawt.so
8fb9c000-8fba3000 rw-p 00090000 08:11 15991297   /usr/lib/jvm/java-7-openjdk-i386/jre/lib/i386/libawt.so
8fba3000-8fbc7000 rw-p 00000000 00:00 0 
8fbc7000-8fbc8000 ---p 00000000 00:00 0 
8fbc8000-8fc48000 rw-p 00000000 00:00 0          [stack:17394]
8fc48000-8fc4b000 ---p 00000000 00:00 0 
8fc4b000-8fc99000 rw-p 00000000 00:00 0          [stack:17393]
8fc99000-8fc9c000 ---p 00000000 00:00 0 
8fc9c000-8fd1a000 rw-p 00000000 00:00 0          [stack:17392]
8fd1a000-8fd1d000 ---p 00000000 00:00 0 
8fd1d000-8fd6b000 rw-p 00000000 00:00 0          [stack:17389]
8fd6b000-8fd6e000 ---p 00000000 00:00 0 
8fd6e000-8fdbc000 rw-p 00000000 00:00 0          [stack:17388]
8fdbc000-8fdbf000 ---p 00000000 00:00 0 
8fdbf000-8fe0d000 rw-p 00000000 00:00 0          [stack:17385]
8fe0d000-8fe10000 ---p 00000000 00:00 0 
8fe10000-8fe5e000 rw-p 00000000 00:00 0          [stack:17383]
8fe5e000-8fe61000 ---p 00000000 00:00 0 
8fe61000-8feaf000 rw-p 00000000 00:00 0          [stack:17382]
8feaf000-8feb2000 ---p 00000000 00:00 0 
8feb2000-8ff00000 rw-p 00000000 00:00 0          [stack:17381]
8ff00000-8ff21000 rw-p 00000000 00:00 0 
8ff21000-90000000 ---p 00000000 00:00 0 
90002000-90007000 r-xp 00000000 08:11 14030100   /usr/lib/i386-linux-gnu/libXtst.so.6.1.0
90007000-90008000 r--p 00004000 08:11 14030100   /usr/lib/i386-linux-gnu/libXtst.so.6.1.0
90008000-90009000 rw-p 00005000 08:11 14030100   /usr/lib/i386-linux-gnu/libXtst.so.6.1.0
90009000-9000a000 ---p 00000000 00:00 0 
9000a000-900d3000 rw-p 00000000 00:00 0          [stack:17380]
900d3000-90284000 r--s 01d21000 08:11 15730098   /usr/lib/jvm/java-7-openjdk-i386/jre/lib/rt.jar
90284000-902e2000 rw-p 00000000 00:00 0 
902e2000-90334000 rw-p 00000000 00:00 0 
90334000-9033a000 rw-p 00000000 00:00 0 
9033a000-903df000 rw-p 00000000 00:00 0 
903df000-903e5000 rw-p 00000000 00:00 0 
903e5000-903ff000 rw-p 00000000 00:00 0 
903ff000-90960000 rw-p 00000000 00:00 0 
90960000-9aea0000 rw-p 00000000 00:00 0 
9aea0000-9b950000 rw-p 00000000 00:00 0 
aee4e000-b0400000 rw-p 00000000 00:00 0 
b0400000-b1000000 rw-p 00000000 00:00 0 
b1000000-b4400000 rw-p 00000000 00:00 0 
b4402000-b440b000 r-xp 00000000 08:11 14030096   /usr/lib/i386-linux-gnu/libXrender.so.1.3.0
b440b000-b440c000 r--p 00008000 08:11 14030096   /usr/lib/i386-linux-gnu/libXrender.so.1.3.0
b440c000-b440d000 rw-p 00009000 08:11 14030096   /usr/lib/i386-linux-gnu/libXrender.so.1.3.0
b442d000-b4437000 r--s 00203000 08:11 15730109   /usr/lib/jvm/java-7-openjdk-i386/jre/lib/charsets.jar
b4437000-b4439000 r--s 00012000 08:11 15730091   /usr/lib/jvm/java-7-openjdk-i386/jre/lib/ext/zipfs.jar
b4439000-b4440000 rw-p 00000000 00:00 0 
b4440000-b445a000 rw-p 00000000 00:00 0 
b445a000-b4460000 rw-p 00000000 00:00 0 
b4460000-b4505000 rw-p 00000000 00:00 0 
b4505000-b4508000 rw-p 00000000 00:00 0 
b4508000-b4585000 rw-p 00000000 00:00 0 
b4585000-b4625000 rwxp 00000000 00:00 0 
b4625000-b6585000 rw-p 00000000 00:00 0 
b6585000-b6590000 r-xp 00000000 08:11 6816695    /lib/i386-linux-gnu/libnss_files-2.19.so
b6590000-b6591000 r--p 0000a000 08:11 6816695    /lib/i386-linux-gnu/libnss_files-2.19.so
b6591000-b6592000 rw-p 0000b000 08:11 6816695    /lib/i386-linux-gnu/libnss_files-2.19.so
b6592000-b659c000 r-xp 00000000 08:11 6816834    /lib/i386-linux-gnu/libnss_nis-2.19.so
b659c000-b659d000 r--p 00009000 08:11 6816834    /lib/i386-linux-gnu/libnss_nis-2.19.so
b659d000-b659e000 rw-p 0000a000 08:11 6816834    /lib/i386-linux-gnu/libnss_nis-2.19.so
b659e000-b65b3000 r-xp 00000000 08:11 6818728    /lib/i386-linux-gnu/libnsl-2.19.so
b65b3000-b65b4000 r--p 00015000 08:11 6818728    /lib/i386-linux-gnu/libnsl-2.19.so
b65b4000-b65b5000 rw-p 00016000 08:11 6818728    /lib/i386-linux-gnu/libnsl-2.19.so
b65b5000-b65b7000 rw-p 00000000 00:00 0 
b65b7000-b65be000 r-xp 00000000 08:11 6815940    /lib/i386-linux-gnu/libnss_compat-2.19.so
b65be000-b65bf000 r--p 00006000 08:11 6815940    /lib/i386-linux-gnu/libnss_compat-2.19.so
b65bf000-b65c0000 rw-p 00007000 08:11 6815940    /lib/i386-linux-gnu/libnss_compat-2.19.so
b65c0000-b67c0000 r--p 00000000 08:11 14031150   /usr/lib/locale/locale-archive
b67c0000-b67fe000 r-xp 00000000 08:11 15991343   /usr/lib/jvm/java-7-openjdk-i386/jre/lib/i386/libjdwp.so
b67fe000-b67ff000 r--p 0003d000 08:11 15991343   /usr/lib/jvm/java-7-openjdk-i386/jre/lib/i386/libjdwp.so
b67ff000-b6800000 rw-p 0003e000 08:11 15991343   /usr/lib/jvm/java-7-openjdk-i386/jre/lib/i386/libjdwp.so
b6800000-b6900000 rw-p 00000000 00:00 0 
b6900000-b6901000 r--p 00000000 08:11 15739653   /usr/share/locale-langpack/en_GB/LC_MESSAGES/libc.mo
b6901000-b6903000 r--s 00006000 08:11 14418552   /usr/share/java/java-atk-wrapper.jar
b6903000-b6906000 r--s 0000f000 08:11 15730088   /usr/lib/jvm/java-7-openjdk-i386/jre/lib/ext/pulse-java.jar
b6906000-b6909000 r--s 00032000 08:11 15730092   /usr/lib/jvm/java-7-openjdk-i386/jre/lib/ext/sunjce_provider.jar
b6909000-b690d000 r--s 00085000 08:11 15730089   /usr/lib/jvm/java-7-openjdk-i386/jre/lib/ext/localedata.jar
b690d000-b6910000 r--s 0003c000 08:11 15729003   /usr/lib/jvm/java-7-openjdk-i386/jre/lib/ext/sunpkcs11.jar
b6910000-b6911000 r--s 00002000 08:11 15730090   /usr/lib/jvm/java-7-openjdk-i386/jre/lib/ext/dnsns.jar
b6911000-b6915000 r-xp 00000000 08:11 15991361   /usr/lib/jvm/java-7-openjdk-i386/jre/lib/i386/libdt_socket.so
b6915000-b6916000 r--p 00003000 08:11 15991361   /usr/lib/jvm/java-7-openjdk-i386/jre/lib/i386/libdt_socket.so
b6916000-b6917000 rw-p 00004000 08:11 15991361   /usr/lib/jvm/java-7-openjdk-i386/jre/lib/i386/libdt_socket.so
b6917000-b691f000 r-xp 00000000 08:11 15991311   /usr/lib/jvm/java-7-openjdk-i386/jre/lib/i386/libzip.so
b691f000-b6920000 r--p 00007000 08:11 15991311   /usr/lib/jvm/java-7-openjdk-i386/jre/lib/i386/libzip.so
b6920000-b6921000 rw-p 00008000 08:11 15991311   /usr/lib/jvm/java-7-openjdk-i386/jre/lib/i386/libzip.so
b6921000-b6948000 r-xp 00000000 08:11 15991294   /usr/lib/jvm/java-7-openjdk-i386/jre/lib/i386/libjava.so
b6948000-b6949000 r--p 00026000 08:11 15991294   /usr/lib/jvm/java-7-openjdk-i386/jre/lib/i386/libjava.so
b6949000-b694a000 rw-p 00027000 08:11 15991294   /usr/lib/jvm/java-7-openjdk-i386/jre/lib/i386/libjava.so
b694a000-b6951000 r-xp 00000000 08:11 6815937    /lib/i386-linux-gnu/librt-2.19.so
b6951000-b6952000 r--p 00006000 08:11 6815937    /lib/i386-linux-gnu/librt-2.19.so
b6952000-b6953000 rw-p 00007000 08:11 6815937    /lib/i386-linux-gnu/librt-2.19.so
b6953000-b6956000 ---p 00000000 00:00 0 
b6956000-b69a4000 rw-p 00000000 00:00 0          [stack:17378]
b69a4000-b69bf000 r-xp 00000000 08:11 6815759    /lib/i386-linux-gnu/libgcc_s.so.1
b69bf000-b69c0000 r--p 0001a000 08:11 6815759    /lib/i386-linux-gnu/libgcc_s.so.1
b69c0000-b69c1000 rw-p 0001b000 08:11 6815759    /lib/i386-linux-gnu/libgcc_s.so.1
b69c1000-b6a05000 r-xp 00000000 08:11 6818729    /lib/i386-linux-gnu/libm-2.19.so
b6a05000-b6a06000 r--p 00043000 08:11 6818729    /lib/i386-linux-gnu/libm-2.19.so
b6a06000-b6a07000 rw-p 00044000 08:11 6818729    /lib/i386-linux-gnu/libm-2.19.so
b6a07000-b6ae4000 r-xp 00000000 08:11 14030441   /usr/lib/i386-linux-gnu/libstdc++.so.6.0.18
b6ae4000-b6ae8000 r--p 000dc000 08:11 14030441   /usr/lib/i386-linux-gnu/libstdc++.so.6.0.18
b6ae8000-b6ae9000 rw-p 000e0000 08:11 14030441   /usr/lib/i386-linux-gnu/libstdc++.so.6.0.18
b6ae9000-b6af0000 rw-p 00000000 00:00 0 
b6af0000-b7118000 r-xp 00000000 08:11 16124649   /usr/lib/jvm/java-7-openjdk-i386/jre/lib/i386/client/libjvm.so
b7118000-b712e000 r--p 00627000 08:11 16124649   /usr/lib/jvm/java-7-openjdk-i386/jre/lib/i386/client/libjvm.so
b712e000-b713d000 rw-p 0063d000 08:11 16124649   /usr/lib/jvm/java-7-openjdk-i386/jre/lib/i386/client/libjvm.so
b713d000-b7558000 rw-p 00000000 00:00 0 
b7558000-b7570000 r-xp 00000000 08:11 6816851    /lib/i386-linux-gnu/libz.so.1.2.8
b7570000-b7571000 r--p 00017000 08:11 6816851    /lib/i386-linux-gnu/libz.so.1.2.8
b7571000-b7572000 rw-p 00018000 08:11 6816851    /lib/i386-linux-gnu/libz.so.1.2.8
b7572000-b758a000 r-xp 00000000 08:11 6816829    /lib/i386-linux-gnu/libpthread-2.19.so
b758a000-b758b000 r--p 00017000 08:11 6816829    /lib/i386-linux-gnu/libpthread-2.19.so
b758b000-b758c000 rw-p 00018000 08:11 6816829    /lib/i386-linux-gnu/libpthread-2.19.so
b758c000-b758e000 rw-p 00000000 00:00 0 
b758e000-b7591000 r-xp 00000000 08:11 6818709    /lib/i386-linux-gnu/libdl-2.19.so
b7591000-b7592000 r--p 00002000 08:11 6818709    /lib/i386-linux-gnu/libdl-2.19.so
b7592000-b7593000 rw-p 00003000 08:11 6818709    /lib/i386-linux-gnu/libdl-2.19.so
b7593000-b773c000 r-xp 00000000 08:11 6816730    /lib/i386-linux-gnu/libc-2.19.so
b773c000-b773d000 ---p 001a9000 08:11 6816730    /lib/i386-linux-gnu/libc-2.19.so
b773d000-b773f000 r--p 001a9000 08:11 6816730    /lib/i386-linux-gnu/libc-2.19.so
b773f000-b7740000 rw-p 001ab000 08:11 6816730    /lib/i386-linux-gnu/libc-2.19.so
b7740000-b7743000 rw-p 00000000 00:00 0 
b7743000-b774b000 rw-s 00000000 08:11 15991103   /tmp/hsperfdata_jack/17371
b774b000-b774c000 r--p 002bd000 08:11 14031150   /usr/lib/locale/locale-archive
b774c000-b774f000 r-xp 00000000 08:11 15991349   /usr/lib/jvm/java-7-openjdk-i386/jre/lib/i386/libnpt.so
b774f000-b7750000 r--p 00002000 08:11 15991349   /usr/lib/jvm/java-7-openjdk-i386/jre/lib/i386/libnpt.so
b7750000-b7751000 rw-p 00003000 08:11 15991349   /usr/lib/jvm/java-7-openjdk-i386/jre/lib/i386/libnpt.so
b7751000-b7752000 rw-p 00000000 00:00 0 
b7752000-b7753000 ---p 00000000 00:00 0 
b7753000-b7761000 r-xp 00000000 08:11 15991354   /usr/lib/jvm/java-7-openjdk-i386/jre/lib/i386/libverify.so
b7761000-b7762000 r--p 0000d000 08:11 15991354   /usr/lib/jvm/java-7-openjdk-i386/jre/lib/i386/libverify.so
b7762000-b7763000 rw-p 0000e000 08:11 15991354   /usr/lib/jvm/java-7-openjdk-i386/jre/lib/i386/libverify.so
b7763000-b776f000 r-xp 00000000 08:11 16255797   /usr/lib/jvm/java-7-openjdk-i386/jre/lib/i386/jli/libjli.so
b776f000-b7770000 r--p 0000c000 08:11 16255797   /usr/lib/jvm/java-7-openjdk-i386/jre/lib/i386/jli/libjli.so
b7770000-b7771000 rw-p 0000d000 08:11 16255797   /usr/lib/jvm/java-7-openjdk-i386/jre/lib/i386/jli/libjli.so
b7771000-b7774000 rw-p 00000000 00:00 0 
b7774000-b7775000 r-xp 00000000 00:00 0          [vdso]
b7775000-b7795000 r-xp 00000000 08:11 6818733    /lib/i386-linux-gnu/ld-2.19.so
b7795000-b7796000 r--p 0001f000 08:11 6818733    /lib/i386-linux-gnu/ld-2.19.so
b7796000-b7797000 rw-p 00020000 08:11 6818733    /lib/i386-linux-gnu/ld-2.19.so
bf9dc000-bf9dd000 rwxp 00000000 00:00 0 
bfa0f000-bfa30000 rw-p 00000000 00:00 0          [stack]

VM Arguments:
jvm_args: -agentlib:jdwp=transport=dt_socket,suspend=y,address=localhost:49041 -Dfile.encoding=UTF-8 
java_command: com.mawersoft.projrain.Game
Launcher Type: SUN_STANDARD

Environment Variables:
PATH=/usr/local/sbin:/usr/local/bin:/usr/sbin:/usr/bin:/sbin:/bin:/usr/games:/usr/local/games
LD_LIBRARY_PATH=/usr/lib/jvm/java-7-openjdk-i386/jre/lib/i386/client:/usr/lib/jvm/java-7-openjdk-i386/jre/lib/i386:
SHELL=/bin/bash
DISPLAY=:0

Signal Handlers:
SIGSEGV: [libjvm.so+0x4e4a00], sa_mask[0]=0x7ffbfeff, sa_flags=0x10000004
SIGBUS: [libjvm.so+0x4e4a00], sa_mask[0]=0x7ffbfeff, sa_flags=0x10000004
SIGFPE: [libjvm.so+0x3c5220], sa_mask[0]=0x7ffbfeff, sa_flags=0x10000004
SIGPIPE: [libjvm.so+0x3c5220], sa_mask[0]=0x7ffbfeff, sa_flags=0x10000004
SIGXFSZ: [libjvm.so+0x3c5220], sa_mask[0]=0x7ffbfeff, sa_flags=0x10000004
SIGILL: [libjvm.so+0x3c5220], sa_mask[0]=0x7ffbfeff, sa_flags=0x10000004
SIGUSR1: SIG_DFL, sa_mask[0]=0x00000000, sa_flags=0x00000000
SIGUSR2: [libjvm.so+0x3c50b0], sa_mask[0]=0x00000004, sa_flags=0x10000004
SIGHUP: [libjvm.so+0x3c52e0], sa_mask[0]=0x7ffbfeff, sa_flags=0x10000004
SIGINT: [libjvm.so+0x3c52e0], sa_mask[0]=0x7ffbfeff, sa_flags=0x10000004
SIGTERM: [libjvm.so+0x3c52e0], sa_mask[0]=0x7ffbfeff, sa_flags=0x10000004
SIGQUIT: [libjvm.so+0x3c52e0], sa_mask[0]=0x7ffbfeff, sa_flags=0x10000004
SIGTRAP: SIG_DFL, sa_mask[0]=0x00000000, sa_flags=0x00000000


---------------  S Y S T E M  ---------------

OS:Ubuntu 14.04 (trusty)
uname:Linux 3.11.0-26-generic #45-Ubuntu SMP Tue Jul 15 04:04:15 UTC 2014 i686
libc:glibc 2.19 NPTL 2.19 
rlimit: STACK 8192k, CORE 0k, NPROC 13869, NOFILE 4096, AS infinity
load average:2.50 2.42 2.02

/proc/meminfo:
MemTotal:        1800040 kB
MemFree:          131832 kB
Buffers:            4988 kB
Cached:           248576 kB
SwapCached:            0 kB
Active:          1412456 kB
Inactive:         137728 kB
Active(anon):    1297988 kB
Inactive(anon):    22984 kB
Active(file):     114468 kB
Inactive(file):   114744 kB
Unevictable:         204 kB
Mlocked:             204 kB
HighTotal:        916780 kB
HighFree:          26956 kB
LowTotal:         883260 kB
LowFree:          104876 kB
SwapTotal:             0 kB
SwapFree:              0 kB
Dirty:               932 kB
Writeback:             0 kB
AnonPages:       1296828 kB
Mapped:           100932 kB
Shmem:             24340 kB
Slab:              42704 kB
SReclaimable:      22080 kB
SUnreclaim:        20624 kB
KernelStack:        4472 kB
PageTables:         9988 kB
NFS_Unstable:          0 kB
Bounce:                0 kB
WritebackTmp:          0 kB
CommitLimit:      900020 kB
Committed_AS:    4347444 kB
VmallocTotal:     122880 kB
VmallocUsed:       16504 kB
VmallocChunk:     102488 kB
HardwareCorrupted:     0 kB
AnonHugePages:         0 kB
HugePages_Total:       0
HugePages_Free:        0
HugePages_Rsvd:        0
HugePages_Surp:        0
Hugepagesize:       2048 kB
DirectMap4k:       10232 kB
DirectMap2M:      903168 kB


CPU:total 1 (1 cores per cpu, 1 threads per core) family 16 model 6 stepping 3, cmov, cx8, fxsr, mmx, sse, sse2, sse3, popcnt, mmxext, 3dnowpref, lzcnt, tsc, tscinvbit, tscinv

/proc/cpuinfo:
processor	: 0
vendor_id	: AuthenticAMD
cpu family	: 16
model		: 6
model name	: AMD V160 Processor
stepping	: 3
microcode	: 0x10000c8
cpu MHz		: 1800.000
cache size	: 512 KB
fdiv_bug	: no
f00f_bug	: no
coma_bug	: no
fpu		: yes
fpu_exception	: yes
cpuid level	: 5
wp		: yes
flags		: fpu vme de pse tsc msr pae mce cx8 apic sep mtrr pge mca cmov pat pse36 clflush mmx fxsr sse sse2 syscall nx mmxext fxsr_opt pdpe1gb rdtscp lm 3dnowext 3dnow constant_tsc nonstop_tsc extd_apicid pni monitor cx16 popcnt lahf_lm svm extapic cr8_legacy abm sse4a 3dnowprefetch osvw ibs skinit wdt nodeid_msr hw_pstate npt lbrv svm_lock nrip_save
bogomips	: 4788.29
clflush size	: 64
cache_alignment	: 64
address sizes	: 48 bits physical, 48 bits virtual
power management: ts ttp tm stc 100mhzsteps hwpstate



Memory: 4k page, physical 1800040k(131832k free), swap 0k(0k free)

vm_info: OpenJDK Client VM (24.65-b04) for linux-x86 JRE (1.7.0_65-b32), built on Aug  1 2014 22:01:38 by "buildd" with gcc 4.8.2

time: Fri Aug 29 13:01:11 2014
elapsed time: 2 seconds

