#
# There is insufficient memory for the Java Runtime Environment to continue.
# Native memory allocation (malloc) failed to allocate 324001792 bytes for committing reserved memory.
# Possible reasons:
#   The system is out of physical RAM or swap space
#   In 32 bit mode, the process size limit was hit
# Possible solutions:
#   Reduce memory load on the system
#   Increase physical memory or swap space
#   Check if swap backing store is full
#   Use 64 bit Java on a 64 bit OS
#   Decrease Java heap size (-Xmx/-Xms)
#   Decrease number of Java threads
#   Decrease Java thread stack sizes (-Xss)
#   Set larger code cache with -XX:ReservedCodeCacheSize=
# This output file may be truncated or incomplete.
#
#  Out of Memory Error (os_linux.cpp:2798), pid=17395, tid=2416831296
#
# JRE version: OpenJDK Runtime Environment (7.0_65-b32) (build 1.7.0_65-b32)
# Java VM: OpenJDK Client VM (24.65-b04 mixed mode linux-x86 )
# Failed to write core dump. Core dumps have been disabled. To enable core dumping, try "ulimit -c unlimited" before starting Java again
#

---------------  T H R E A D  ---------------

Current thread (0xb6862800):  VMThread [stack: 0x9005e000,0x900df000] [id=17403]

Stack: [0x9005e000,0x900df000]
VM_Operation (0xb69cce8c): GenCollectForAllocation, mode: safepoint, requested by thread 0xb6808c00


---------------  P R O C E S S  ---------------

Java Threads: ( => current thread )
  0xb6886c00 JavaThread "Service Thread" daemon [_thread_blocked, id=17418, stack(0x8fc99000,0x8fcea000)]
  0xb6884c00 JavaThread "C1 CompilerThread0" daemon [_thread_blocked, id=17417, stack(0x8fcea000,0x8fd6b000)]
  0x096f5000 JavaThread "JDWP Command Reader" daemon [_thread_in_native, id=17415, stack(0x8fd6b000,0x8fdbc000)]
  0xb6883000 JavaThread "JDWP Event Helper Thread" daemon [_thread_blocked, id=17414, stack(0x8fdbc000,0x8fe0d000)]
  0xb6880800 JavaThread "JDWP Transport Listener: dt_socket" daemon [_thread_blocked, id=17411, stack(0x8fe0d000,0x8fe5e000)]
  0xb6878000 JavaThread "Signal Dispatcher" daemon [_thread_blocked, id=17409, stack(0x8fe5e000,0x8feaf000)]
  0xb6866800 JavaThread "Finalizer" daemon [_thread_blocked, id=17405, stack(0x8feaf000,0x8ff00000)]
  0xb6865000 JavaThread "Reference Handler" daemon [_thread_blocked, id=17404, stack(0x9000d000,0x9005e000)]
  0xb6808c00 JavaThread "main" [_thread_blocked, id=17400, stack(0xb697d000,0xb69ce000)]

Other Threads:
=>0xb6862800 VMThread [stack: 0x9005e000,0x900df000] [id=17403]
  0xb6889000 WatcherThread [stack: 0x8fc18000,0x8fc99000] [id=17419]

VM state:at safepoint (normal execution)

VM Mutex/Monitor currently owned by a thread:  ([mutex/lock_event])
[0xb6806270] Threads_lock - owner thread: 0xb6862800
[0xb6806680] Heap_lock - owner thread: 0xb6808c00

Heap
 def new generation   total 4992K, used 0K [0x90400000, 0x90960000, 0x9aea0000)
  eden space 4480K,   0% used [0x90400000, 0x90400000, 0x90860000)
  from space 512K,   0% used [0x90860000, 0x90860000, 0x908e0000)
  to   space 512K,   0% used [0x908e0000, 0x908e0000, 0x90960000)
 tenured generation   total 10944K, used 491K [0x9aea0000, 0x9b950000, 0xb0400000)
   the space 10944K,   4% used [0x9aea0000, 0x9af1ae38, 0x9af1b000, 0x9b950000)
 compacting perm gen  total 12288K, used 2670K [0xb0400000, 0xb1000000, 0xb4400000)
   the space 12288K,  21% used [0xb0400000, 0xb069b910, 0xb069ba00, 0xb1000000)
No shared spaces configured.

Card table byte_map: [0xb440d000,0xb452e000] byte_map_base: 0xb3f8b000

Polling page: 0xb777c000

Code Cache  [0xb45ae000, 0xb464e000, 0xb65ae000)
 total_blobs=148 nmethods=12 adapters=82 free_code_cache=32131Kb largest_free_block=32902656

Compilation events (10 events):
Event: 0.938 Thread 0xb6884c00    8             java.lang.Object::<init> (1 bytes)
Event: 0.939 Thread 0xb6884c00 nmethod 8 0xb4640d08 code [0xb4640e00, 0xb4640e90]
Event: 0.982 Thread 0xb6884c00    9             java.lang.String::indexOf (166 bytes)
Event: 0.983 Thread 0xb6884c00 nmethod 9 0xb4641088 code [0xb46411a0, 0xb46413d0]
Event: 0.994 Thread 0xb6884c00   10   !         java.io.BufferedReader::readLine (304 bytes)
Event: 0.997 Thread 0xb6884c00 nmethod 10 0xb4641708 code [0xb46419e0, 0xb4642a48]
Event: 0.998 Thread 0xb6884c00   11             sun.nio.cs.UTF_8$Decoder::decodeArrayLoop (543 bytes)
Event: 1.022 Thread 0xb6884c00 nmethod 11 0xb46437c8 code [0xb4643d30, 0xb4644e3c]
Event: 1.027 Thread 0xb6884c00   12             sun.nio.cs.UTF_8$Decoder::decode (640 bytes)
Event: 1.054 Thread 0xb6884c00 nmethod 12 0xb4647a88 code [0xb4647ee0, 0xb4649480]

GC Heap History (2 events):
Event: 1.221 GC heap before
{Heap before GC invocations=0 (full 0):
 def new generation   total 4928K, used 921K [0x90400000, 0x90950000, 0x9aea0000)
  eden space 4416K,  20% used [0x90400000, 0x904e6528, 0x90850000)
  from space 512K,   0% used [0x90850000, 0x90850000, 0x908d0000)
  to   space 512K,   0% used [0x908d0000, 0x908d0000, 0x90950000)
 tenured generation   total 10944K, used 0K [0x9aea0000, 0x9b950000, 0xb0400000)
   the space 10944K,   0% used [0x9aea0000, 0x9aea0000, 0x9aea0200, 0x9b950000)
 compacting perm gen  total 12288K, used 2670K [0xb0400000, 0xb1000000, 0xb4400000)
   the space 12288K,  21% used [0xb0400000, 0xb069b910, 0xb069ba00, 0xb1000000)
No shared spaces configured.
Event: 1.282 GC heap after
Heap after GC invocations=1 (full 1):
 def new generation   total 4992K, used 0K [0x90400000, 0x90960000, 0x9aea0000)
  eden space 4480K,   0% used [0x90400000, 0x90400000, 0x90860000)
  from space 512K,   0% used [0x90860000, 0x90860000, 0x908e0000)
  to   space 512K,   0% used [0x908e0000, 0x908e0000, 0x90960000)
 tenured generation   total 10944K, used 491K [0x9aea0000, 0x9b950000, 0xb0400000)
   the space 10944K,   4% used [0x9aea0000, 0x9af1ae38, 0x9af1b000, 0x9b950000)
 compacting perm gen  total 12288K, used 2670K [0xb0400000, 0xb1000000, 0xb4400000)
   the space 12288K,  21% used [0xb0400000, 0xb069b910, 0xb069ba00, 0xb1000000)
No shared spaces configured.
}

Deoptimization events (0 events):
No events

Internal exceptions (10 events):
Event: 0.977 Thread 0xb6808c00 Threw 0x9046a200 at /build/buildd/openjdk-7-7u65-2.5.1/build/openjdk/hotspot/src/share/vm/prims/jvm.cpp:1247
Event: 0.979 Thread 0xb6808c00 Threw 0x9046af50 at /build/buildd/openjdk-7-7u65-2.5.1/build/openjdk/hotspot/src/share/vm/prims/jvm.cpp:1247
Event: 1.014 Thread 0xb6808c00 Threw 0x9047d400 at /build/buildd/openjdk-7-7u65-2.5.1/build/openjdk/hotspot/src/share/vm/prims/jvm.cpp:1247
Event: 1.014 Thread 0xb6808c00 Threw 0x9047d518 at /build/buildd/openjdk-7-7u65-2.5.1/build/openjdk/hotspot/src/share/vm/prims/jvm.cpp:1247
Event: 1.014 Thread 0xb6808c00 Threw 0x9047fec0 at /build/buildd/openjdk-7-7u65-2.5.1/build/openjdk/hotspot/src/share/vm/prims/jvm.cpp:1247
Event: 1.015 Thread 0xb6808c00 Threw 0x9047ffd8 at /build/buildd/openjdk-7-7u65-2.5.1/build/openjdk/hotspot/src/share/vm/prims/jvm.cpp:1247
Event: 1.015 Thread 0xb6808c00 Threw 0x90480850 at /build/buildd/openjdk-7-7u65-2.5.1/build/openjdk/hotspot/src/share/vm/prims/jvm.cpp:1247
Event: 1.015 Thread 0xb6808c00 Threw 0x90480968 at /build/buildd/openjdk-7-7u65-2.5.1/build/openjdk/hotspot/src/share/vm/prims/jvm.cpp:1247
Event: 1.074 Thread 0xb6808c00 Threw 0x90487138 at /build/buildd/openjdk-7-7u65-2.5.1/build/openjdk/hotspot/src/share/vm/prims/jni.cpp:721
Event: 1.218 Thread 0xb6808c00 Threw 0x904a8bc0 at /build/buildd/openjdk-7-7u65-2.5.1/build/openjdk/hotspot/src/share/vm/prims/jvm.cpp:1247

Events (10 events):
Event: 1.213 loading class 0xb68d9e58 done
Event: 1.214 loading class 0xb68d9a60 done
Event: 1.214 loading class 0x0971cbd8 done
Event: 1.218 loading class 0xb68b0f98
Event: 1.218 loading class 0xb68da220
Event: 1.218 loading class 0xb68da220 done
Event: 1.218 loading class 0xb68b0f98 done
Event: 1.218 loading class 0xb68b1018
Event: 1.218 loading class 0xb68b1018 done
Event: 1.221 Executing VM operation: GenCollectForAllocation


Dynamic libraries:
08048000-08049000 r-xp 00000000 08:11 15598205   /usr/lib/jvm/java-7-openjdk-i386/jre/bin/java
08049000-0804a000 r--p 00000000 08:11 15598205   /usr/lib/jvm/java-7-openjdk-i386/jre/bin/java
0804a000-0804b000 rw-p 00001000 08:11 15598205   /usr/lib/jvm/java-7-openjdk-i386/jre/bin/java
096ef000-097a3000 rw-p 00000000 00:00 0          [heap]
8f000000-8f029000 rw-p 00000000 00:00 0 
8f029000-8f100000 ---p 00000000 00:00 0 
8f117000-8f11a000 r-xp 00000000 08:11 6816712    /lib/i386-linux-gnu/libgpg-error.so.0.10.0
8f11a000-8f11b000 r--p 00002000 08:11 6816712    /lib/i386-linux-gnu/libgpg-error.so.0.10.0
8f11b000-8f11c000 rw-p 00003000 08:11 6816712    /lib/i386-linux-gnu/libgpg-error.so.0.10.0
8f11c000-8f11e000 r-xp 00000000 08:11 6816891    /lib/i386-linux-gnu/libkeyutils.so.1.4
8f11e000-8f11f000 r--p 00002000 08:11 6816891    /lib/i386-linux-gnu/libkeyutils.so.1.4
8f11f000-8f120000 rw-p 00003000 08:11 6816891    /lib/i386-linux-gnu/libkeyutils.so.1.4
8f120000-8f15c000 r-xp 00000000 08:11 6816670    /lib/i386-linux-gnu/libpcre.so.3.13.1
8f15c000-8f15d000 r--p 0003b000 08:11 6816670    /lib/i386-linux-gnu/libpcre.so.3.13.1
8f15d000-8f15e000 rw-p 0003c000 08:11 6816670    /lib/i386-linux-gnu/libpcre.so.3.13.1
8f15e000-8f184000 r-xp 00000000 08:11 6816797    /lib/i386-linux-gnu/libpng12.so.0.50.0
8f184000-8f185000 r--p 00025000 08:11 6816797    /lib/i386-linux-gnu/libpng12.so.0.50.0
8f185000-8f186000 rw-p 00026000 08:11 6816797    /lib/i386-linux-gnu/libpng12.so.0.50.0
8f186000-8f1cf000 r-xp 00000000 08:11 6816795    /lib/i386-linux-gnu/libdbus-1.so.3.7.6
8f1cf000-8f1d0000 r--p 00048000 08:11 6816795    /lib/i386-linux-gnu/libdbus-1.so.3.7.6
8f1d0000-8f1d1000 rw-p 00049000 08:11 6816795    /lib/i386-linux-gnu/libdbus-1.so.3.7.6
8f1d1000-8f208000 r-xp 00000000 08:11 14024885   /usr/lib/i386-linux-gnu/libp11-kit.so.0.0.0
8f208000-8f209000 ---p 00037000 08:11 14024885   /usr/lib/i386-linux-gnu/libp11-kit.so.0.0.0
8f209000-8f20c000 r--p 00037000 08:11 14024885   /usr/lib/i386-linux-gnu/libp11-kit.so.0.0.0
8f20c000-8f20d000 rw-p 0003a000 08:11 14024885   /usr/lib/i386-linux-gnu/libp11-kit.so.0.0.0
8f20d000-8f21d000 r-xp 00000000 08:11 14030886   /usr/lib/i386-linux-gnu/libtasn1.so.3.2.0
8f21d000-8f21e000 r--p 0000f000 08:11 14030886   /usr/lib/i386-linux-gnu/libtasn1.so.3.2.0
8f21e000-8f21f000 rw-p 00010000 08:11 14030886   /usr/lib/i386-linux-gnu/libtasn1.so.3.2.0
8f21f000-8f2a1000 r-xp 00000000 08:11 6816723    /lib/i386-linux-gnu/libgcrypt.so.11.8.2
8f2a1000-8f2a2000 r--p 00081000 08:11 6816723    /lib/i386-linux-gnu/libgcrypt.so.11.8.2
8f2a2000-8f2a4000 rw-p 00082000 08:11 6816723    /lib/i386-linux-gnu/libgcrypt.so.11.8.2
8f2a4000-8f2a5000 rw-p 00000000 00:00 0 
8f2a5000-8f2af000 r-xp 00000000 08:11 14030628   /usr/lib/i386-linux-gnu/libkrb5support.so.0.1
8f2af000-8f2b0000 r--p 00009000 08:11 14030628   /usr/lib/i386-linux-gnu/libkrb5support.so.0.1
8f2b0000-8f2b1000 rw-p 0000a000 08:11 14030628   /usr/lib/i386-linux-gnu/libkrb5support.so.0.1
8f2b1000-8f2b4000 r-xp 00000000 08:11 6816684    /lib/i386-linux-gnu/libcom_err.so.2.1
8f2b4000-8f2b5000 r--p 00002000 08:11 6816684    /lib/i386-linux-gnu/libcom_err.so.2.1
8f2b5000-8f2b6000 rw-p 00003000 08:11 6816684    /lib/i386-linux-gnu/libcom_err.so.2.1
8f2b6000-8f2e4000 r-xp 00000000 08:11 14032434   /usr/lib/i386-linux-gnu/libk5crypto.so.3.1
8f2e4000-8f2e5000 r--p 0002d000 08:11 14032434   /usr/lib/i386-linux-gnu/libk5crypto.so.3.1
8f2e5000-8f2e6000 rw-p 0002e000 08:11 14032434   /usr/lib/i386-linux-gnu/libk5crypto.so.3.1
8f2e6000-8f39d000 r-xp 00000000 08:11 14030463   /usr/lib/i386-linux-gnu/libkrb5.so.3.3
8f39d000-8f3a3000 r--p 000b7000 08:11 14030463   /usr/lib/i386-linux-gnu/libkrb5.so.3.3
8f3a3000-8f3a4000 rw-p 000bd000 08:11 14030463   /usr/lib/i386-linux-gnu/libkrb5.so.3.3
8f3a4000-8f3a9000 r-xp 00000000 08:11 14030072   /usr/lib/i386-linux-gnu/libXdmcp.so.6.0.0
8f3a9000-8f3aa000 r--p 00004000 08:11 14030072   /usr/lib/i386-linux-gnu/libXdmcp.so.6.0.0
8f3aa000-8f3ab000 rw-p 00005000 08:11 14030072   /usr/lib/i386-linux-gnu/libXdmcp.so.6.0.0
8f3ab000-8f3ad000 r-xp 00000000 08:11 14030061   /usr/lib/i386-linux-gnu/libXau.so.6.0.0
8f3ad000-8f3ae000 r--p 00001000 08:11 14030061   /usr/lib/i386-linux-gnu/libXau.so.6.0.0
8f3ae000-8f3af000 rw-p 00002000 08:11 14030061   /usr/lib/i386-linux-gnu/libXau.so.6.0.0
8f3af000-8f3b4000 r-xp 00000000 08:11 14030300   /usr/lib/i386-linux-gnu/libffi.so.6.0.1
8f3b4000-8f3b5000 r--p 00005000 08:11 14030300   /usr/lib/i386-linux-gnu/libffi.so.6.0.1
8f3b5000-8f3b6000 rw-p 00006000 08:11 14030300   /usr/lib/i386-linux-gnu/libffi.so.6.0.1
8f3b6000-8f3c9000 r-xp 00000000 08:11 6815935    /lib/i386-linux-gnu/libresolv-2.19.so
8f3c9000-8f3ca000 ---p 00013000 08:11 6815935    /lib/i386-linux-gnu/libresolv-2.19.so
8f3ca000-8f3cb000 r--p 00013000 08:11 6815935    /lib/i386-linux-gnu/libresolv-2.19.so
8f3cb000-8f3cc000 rw-p 00014000 08:11 6815935    /lib/i386-linux-gnu/libresolv-2.19.so
8f3cc000-8f3ce000 rw-p 00000000 00:00 0 
8f3ce000-8f3ee000 r-xp 00000000 08:11 6815772    /lib/i386-linux-gnu/libselinux.so.1
8f3ee000-8f3ef000 r--p 0001f000 08:11 6815772    /lib/i386-linux-gnu/libselinux.so.1
8f3ef000-8f3f0000 rw-p 00020000 08:11 6815772    /lib/i386-linux-gnu/libselinux.so.1
8f3f0000-8f3f1000 rw-p 00000000 00:00 0 
8f3f1000-8f4fb000 r-xp 00000000 08:11 6816729    /lib/i386-linux-gnu/libglib-2.0.so.0.4000.0
8f4fb000-8f4fc000 r--p 00109000 08:11 6816729    /lib/i386-linux-gnu/libglib-2.0.so.0.4000.0
8f4fc000-8f4fd000 rw-p 0010a000 08:11 6816729    /lib/i386-linux-gnu/libglib-2.0.so.0.4000.0
8f4fd000-8f500000 r-xp 00000000 08:11 14028987   /usr/lib/i386-linux-gnu/libgmodule-2.0.so.0.4000.0
8f500000-8f501000 r--p 00002000 08:11 14028987   /usr/lib/i386-linux-gnu/libgmodule-2.0.so.0.4000.0
8f501000-8f502000 rw-p 00003000 08:11 14028987   /usr/lib/i386-linux-gnu/libgmodule-2.0.so.0.4000.0
8f502000-8f527000 r-xp 00000000 08:11 6816689    /lib/i386-linux-gnu/libexpat.so.1.6.0
8f527000-8f528000 ---p 00025000 08:11 6816689    /lib/i386-linux-gnu/libexpat.so.1.6.0
8f528000-8f52a000 r--p 00025000 08:11 6816689    /lib/i386-linux-gnu/libexpat.so.1.6.0
8f52a000-8f52b000 rw-p 00027000 08:11 6816689    /lib/i386-linux-gnu/libexpat.so.1.6.0
8f52b000-8f5c5000 r-xp 00000000 08:11 14031402   /usr/lib/i386-linux-gnu/libfreetype.so.6.11.1
8f5c5000-8f5c6000 ---p 0009a000 08:11 14031402   /usr/lib/i386-linux-gnu/libfreetype.so.6.11.1
8f5c6000-8f5ca000 r--p 0009a000 08:11 14031402   /usr/lib/i386-linux-gnu/libfreetype.so.6.11.1
8f5ca000-8f5cb000 rw-p 0009e000 08:11 14031402   /usr/lib/i386-linux-gnu/libfreetype.so.6.11.1
8f5cb000-8f5db000 r-xp 00000000 08:11 14028992   /usr/lib/i386-linux-gnu/libavahi-client.so.3.2.9
8f5db000-8f5dc000 r--p 0000f000 08:11 14028992   /usr/lib/i386-linux-gnu/libavahi-client.so.3.2.9
8f5dc000-8f5dd000 rw-p 00010000 08:11 14028992   /usr/lib/i386-linux-gnu/libavahi-client.so.3.2.9
8f5dd000-8f5e9000 r-xp 00000000 08:11 14025126   /usr/lib/i386-linux-gnu/libavahi-common.so.3.5.3
8f5e9000-8f5ea000 r--p 0000b000 08:11 14025126   /usr/lib/i386-linux-gnu/libavahi-common.so.3.5.3
8f5ea000-8f5eb000 rw-p 0000c000 08:11 14025126   /usr/lib/i386-linux-gnu/libavahi-common.so.3.5.3
8f5eb000-8f6ac000 r-xp 00000000 08:11 14027239   /usr/lib/i386-linux-gnu/libgnutls.so.26.22.6
8f6ac000-8f6b0000 r--p 000c0000 08:11 14027239   /usr/lib/i386-linux-gnu/libgnutls.so.26.22.6
8f6b0000-8f6b1000 rw-p 000c4000 08:11 14027239   /usr/lib/i386-linux-gnu/libgnutls.so.26.22.6
8f6b1000-8f6f4000 r-xp 00000000 08:11 14030624   /usr/lib/i386-linux-gnu/libgssapi_krb5.so.2.2
8f6f4000-8f6f5000 r--p 00042000 08:11 14030624   /usr/lib/i386-linux-gnu/libgssapi_krb5.so.2.2
8f6f5000-8f6f6000 rw-p 00043000 08:11 14030624   /usr/lib/i386-linux-gnu/libgssapi_krb5.so.2.2
8f6f6000-8f716000 r-xp 00000000 08:11 14027419   /usr/lib/i386-linux-gnu/libxcb.so.1.1.0
8f716000-8f717000 r--p 0001f000 08:11 14027419   /usr/lib/i386-linux-gnu/libxcb.so.1.1.0
8f717000-8f718000 rw-p 00020000 08:11 14027419   /usr/lib/i386-linux-gnu/libxcb.so.1.1.0
8f718000-8f768000 r-xp 00000000 08:11 14028995   /usr/lib/i386-linux-gnu/libgobject-2.0.so.0.4000.0
8f768000-8f769000 r--p 0004f000 08:11 14028995   /usr/lib/i386-linux-gnu/libgobject-2.0.so.0.4000.0
8f769000-8f76a000 rw-p 00050000 08:11 14028995   /usr/lib/i386-linux-gnu/libgobject-2.0.so.0.4000.0
8f76a000-8f8e7000 r-xp 00000000 08:11 14028993   /usr/lib/i386-linux-gnu/libgio-2.0.so.0.4000.0
8f8e7000-8f8e9000 r--p 0017c000 08:11 14028993   /usr/lib/i386-linux-gnu/libgio-2.0.so.0.4000.0
8f8e9000-8f8ea000 rw-p 0017e000 08:11 14028993   /usr/lib/i386-linux-gnu/libgio-2.0.so.0.4000.0
8f8ea000-8f8eb000 rw-p 00000000 00:00 0 
8f8eb000-8f924000 r-xp 00000000 08:11 14031405   /usr/lib/i386-linux-gnu/libfontconfig.so.1.8.0
8f924000-8f925000 r--p 00039000 08:11 14031405   /usr/lib/i386-linux-gnu/libfontconfig.so.1.8.0
8f925000-8f926000 rw-p 0003a000 08:11 14031405   /usr/lib/i386-linux-gnu/libfontconfig.so.1.8.0
8f926000-8f98d000 r-xp 00000000 08:11 14024825   /usr/lib/i386-linux-gnu/libcups.so.2
8f98d000-8f991000 r--p 00067000 08:11 14024825   /usr/lib/i386-linux-gnu/libcups.so.2
8f991000-8f992000 rw-p 0006b000 08:11 14024825   /usr/lib/i386-linux-gnu/libcups.so.2
8f992000-8f9a1000 r-xp 00000000 08:11 14030082   /usr/lib/i386-linux-gnu/libXi.so.6.1.0
8f9a1000-8f9a2000 r--p 0000e000 08:11 14030082   /usr/lib/i386-linux-gnu/libXi.so.6.1.0
8f9a2000-8f9a3000 rw-p 0000f000 08:11 14030082   /usr/lib/i386-linux-gnu/libXi.so.6.1.0
8f9a3000-8f9a8000 r-xp 00000000 08:11 14030100   /usr/lib/i386-linux-gnu/libXtst.so.6.1.0
8f9a8000-8f9a9000 r--p 00004000 08:11 14030100   /usr/lib/i386-linux-gnu/libXtst.so.6.1.0
8f9a9000-8f9aa000 rw-p 00005000 08:11 14030100   /usr/lib/i386-linux-gnu/libXtst.so.6.1.0
8f9aa000-8fada000 r-xp 00000000 08:11 14027421   /usr/lib/i386-linux-gnu/libX11.so.6.3.0
8fada000-8fadb000 r--p 00130000 08:11 14027421   /usr/lib/i386-linux-gnu/libX11.so.6.3.0
8fadb000-8fadd000 rw-p 00131000 08:11 14027421   /usr/lib/i386-linux-gnu/libX11.so.6.3.0
8fadd000-8fade000 rw-p 00000000 00:00 0 
8fade000-8faef000 r-xp 00000000 08:11 14030074   /usr/lib/i386-linux-gnu/libXext.so.6.4.0
8faef000-8faf0000 r--p 00010000 08:11 14030074   /usr/lib/i386-linux-gnu/libXext.so.6.4.0
8faf0000-8faf1000 rw-p 00011000 08:11 14030074   /usr/lib/i386-linux-gnu/libXext.so.6.4.0
8fb11000-8fb59000 r-xp 00000000 08:11 16646451   /usr/lib/jvm/java-7-openjdk-i386/jre/lib/i386/xawt/libmawt.so
8fb59000-8fb5a000 r--p 00047000 08:11 16646451   /usr/lib/jvm/java-7-openjdk-i386/jre/lib/i386/xawt/libmawt.so
8fb5a000-8fb5c000 rw-p 00048000 08:11 16646451   /usr/lib/jvm/java-7-openjdk-i386/jre/lib/i386/xawt/libmawt.so
8fb5c000-8fb5d000 rw-p 00000000 00:00 0 
8fb5d000-8fbec000 r-xp 00000000 08:11 15991297   /usr/lib/jvm/java-7-openjdk-i386/jre/lib/i386/libawt.so
8fbec000-8fbed000 r--p 0008f000 08:11 15991297   /usr/lib/jvm/java-7-openjdk-i386/jre/lib/i386/libawt.so
8fbed000-8fbf4000 rw-p 00090000 08:11 15991297   /usr/lib/jvm/java-7-openjdk-i386/jre/lib/i386/libawt.so
8fbf4000-8fc18000 rw-p 00000000 00:00 0 
8fc18000-8fc19000 ---p 00000000 00:00 0 
8fc19000-8fc99000 rw-p 00000000 00:00 0          [stack:17419]
8fc99000-8fc9c000 ---p 00000000 00:00 0 
8fc9c000-8fcea000 rw-p 00000000 00:00 0          [stack:17418]
8fcea000-8fced000 ---p 00000000 00:00 0 
8fced000-8fd6b000 rw-p 00000000 00:00 0          [stack:17417]
8fd6b000-8fd6e000 ---p 00000000 00:00 0 
8fd6e000-8fdbc000 rw-p 00000000 00:00 0          [stack:17415]
8fdbc000-8fdbf000 ---p 00000000 00:00 0 
8fdbf000-8fe0d000 rw-p 00000000 00:00 0          [stack:17414]
8fe0d000-8fe10000 ---p 00000000 00:00 0 
8fe10000-8fe5e000 rw-p 00000000 00:00 0          [stack:17411]
8fe5e000-8fe61000 ---p 00000000 00:00 0 
8fe61000-8feaf000 rw-p 00000000 00:00 0          [stack:17409]
8feaf000-8feb2000 ---p 00000000 00:00 0 
8feb2000-8ff00000 rw-p 00000000 00:00 0          [stack:17405]
8ff00000-8ff21000 rw-p 00000000 00:00 0 
8ff21000-90000000 ---p 00000000 00:00 0 
90002000-9000b000 r-xp 00000000 08:11 14030096   /usr/lib/i386-linux-gnu/libXrender.so.1.3.0
9000b000-9000c000 r--p 00008000 08:11 14030096   /usr/lib/i386-linux-gnu/libXrender.so.1.3.0
9000c000-9000d000 rw-p 00009000 08:11 14030096   /usr/lib/i386-linux-gnu/libXrender.so.1.3.0
9000d000-90010000 ---p 00000000 00:00 0 
90010000-9005e000 rw-p 00000000 00:00 0          [stack:17404]
9005e000-9005f000 ---p 00000000 00:00 0 
9005f000-90128000 rw-p 00000000 00:00 0          [stack:17403]
90128000-902d9000 r--s 01d21000 08:11 15730098   /usr/lib/jvm/java-7-openjdk-i386/jre/lib/rt.jar
902d9000-9033b000 rw-p 00000000 00:00 0 
9033b000-90355000 rw-p 00000000 00:00 0 
90355000-9035b000 rw-p 00000000 00:00 0 
9035b000-90400000 rw-p 00000000 00:00 0 
90400000-90960000 rw-p 00000000 00:00 0 
90960000-9aea0000 rw-p 00000000 00:00 0 
9aea0000-9b950000 rw-p 00000000 00:00 0 
aee4e000-b0400000 rw-p 00000000 00:00 0 
b0400000-b1000000 rw-p 00000000 00:00 0 
b1000000-b4400000 rw-p 00000000 00:00 0 
b4401000-b440b000 r--s 00203000 08:11 15730109   /usr/lib/jvm/java-7-openjdk-i386/jre/lib/charsets.jar
b440b000-b440d000 r--s 00012000 08:11 15730091   /usr/lib/jvm/java-7-openjdk-i386/jre/lib/ext/zipfs.jar
b440d000-b4410000 rw-p 00000000 00:00 0 
b4410000-b4462000 rw-p 00000000 00:00 0 
b4462000-b4468000 rw-p 00000000 00:00 0 
b4468000-b450d000 rw-p 00000000 00:00 0 
b450d000-b4513000 rw-p 00000000 00:00 0 
b4513000-b452d000 rw-p 00000000 00:00 0 
b452d000-b4531000 rw-p 00000000 00:00 0 
b4531000-b45ae000 rw-p 00000000 00:00 0 
b45ae000-b464e000 rwxp 00000000 00:00 0 
b464e000-b65ae000 rw-p 00000000 00:00 0 
b65ae000-b65b9000 r-xp 00000000 08:11 6816695    /lib/i386-linux-gnu/libnss_files-2.19.so
b65b9000-b65ba000 r--p 0000a000 08:11 6816695    /lib/i386-linux-gnu/libnss_files-2.19.so
b65ba000-b65bb000 rw-p 0000b000 08:11 6816695    /lib/i386-linux-gnu/libnss_files-2.19.so
b65bb000-b65c5000 r-xp 00000000 08:11 6816834    /lib/i386-linux-gnu/libnss_nis-2.19.so
b65c5000-b65c6000 r--p 00009000 08:11 6816834    /lib/i386-linux-gnu/libnss_nis-2.19.so
b65c6000-b65c7000 rw-p 0000a000 08:11 6816834    /lib/i386-linux-gnu/libnss_nis-2.19.so
b65c7000-b65dc000 r-xp 00000000 08:11 6818728    /lib/i386-linux-gnu/libnsl-2.19.so
b65dc000-b65dd000 r--p 00015000 08:11 6818728    /lib/i386-linux-gnu/libnsl-2.19.so
b65dd000-b65de000 rw-p 00016000 08:11 6818728    /lib/i386-linux-gnu/libnsl-2.19.so
b65de000-b65e0000 rw-p 00000000 00:00 0 
b65e1000-b65e3000 r--s 00006000 08:11 14418552   /usr/share/java/java-atk-wrapper.jar
b65e3000-b65e6000 r--s 0000f000 08:11 15730088   /usr/lib/jvm/java-7-openjdk-i386/jre/lib/ext/pulse-java.jar
b65e6000-b65e9000 r--s 00032000 08:11 15730092   /usr/lib/jvm/java-7-openjdk-i386/jre/lib/ext/sunjce_provider.jar
b65e9000-b65ed000 r--s 00085000 08:11 15730089   /usr/lib/jvm/java-7-openjdk-i386/jre/lib/ext/localedata.jar
b65ed000-b65f0000 r--s 0003c000 08:11 15729003   /usr/lib/jvm/java-7-openjdk-i386/jre/lib/ext/sunpkcs11.jar
b65f0000-b65f4000 r-xp 00000000 08:11 15991361   /usr/lib/jvm/java-7-openjdk-i386/jre/lib/i386/libdt_socket.so
b65f4000-b65f5000 r--p 00003000 08:11 15991361   /usr/lib/jvm/java-7-openjdk-i386/jre/lib/i386/libdt_socket.so
b65f5000-b65f6000 rw-p 00004000 08:11 15991361   /usr/lib/jvm/java-7-openjdk-i386/jre/lib/i386/libdt_socket.so
b65f6000-b65fe000 r-xp 00000000 08:11 15991311   /usr/lib/jvm/java-7-openjdk-i386/jre/lib/i386/libzip.so
b65fe000-b65ff000 r--p 00007000 08:11 15991311   /usr/lib/jvm/java-7-openjdk-i386/jre/lib/i386/libzip.so
b65ff000-b6600000 rw-p 00008000 08:11 15991311   /usr/lib/jvm/java-7-openjdk-i386/jre/lib/i386/libzip.so
b6600000-b6800000 r--p 00000000 08:11 14031150   /usr/lib/locale/locale-archive
b6800000-b6900000 rw-p 00000000 00:00 0 
b6900000-b6901000 r--p 00000000 08:11 15739653   /usr/share/locale-langpack/en_GB/LC_MESSAGES/libc.mo
b6901000-b6902000 r--s 00002000 08:11 15730090   /usr/lib/jvm/java-7-openjdk-i386/jre/lib/ext/dnsns.jar
b6902000-b6909000 r-xp 00000000 08:11 6815940    /lib/i386-linux-gnu/libnss_compat-2.19.so
b6909000-b690a000 r--p 00006000 08:11 6815940    /lib/i386-linux-gnu/libnss_compat-2.19.so
b690a000-b690b000 rw-p 00007000 08:11 6815940    /lib/i386-linux-gnu/libnss_compat-2.19.so
b690b000-b6949000 r-xp 00000000 08:11 15991343   /usr/lib/jvm/java-7-openjdk-i386/jre/lib/i386/libjdwp.so
b6949000-b694a000 r--p 0003d000 08:11 15991343   /usr/lib/jvm/java-7-openjdk-i386/jre/lib/i386/libjdwp.so
b694a000-b694b000 rw-p 0003e000 08:11 15991343   /usr/lib/jvm/java-7-openjdk-i386/jre/lib/i386/libjdwp.so
b694b000-b6972000 r-xp 00000000 08:11 15991294   /usr/lib/jvm/java-7-openjdk-i386/jre/lib/i386/libjava.so
b6972000-b6973000 r--p 00026000 08:11 15991294   /usr/lib/jvm/java-7-openjdk-i386/jre/lib/i386/libjava.so
b6973000-b6974000 rw-p 00027000 08:11 15991294   /usr/lib/jvm/java-7-openjdk-i386/jre/lib/i386/libjava.so
b6974000-b697b000 r-xp 00000000 08:11 6815937    /lib/i386-linux-gnu/librt-2.19.so
b697b000-b697c000 r--p 00006000 08:11 6815937    /lib/i386-linux-gnu/librt-2.19.so
b697c000-b697d000 rw-p 00007000 08:11 6815937    /lib/i386-linux-gnu/librt-2.19.so
b697d000-b6980000 ---p 00000000 00:00 0 
b6980000-b69ce000 rw-p 00000000 00:00 0          [stack:17400]
b69ce000-b69e9000 r-xp 00000000 08:11 6815759    /lib/i386-linux-gnu/libgcc_s.so.1
b69e9000-b69ea000 r--p 0001a000 08:11 6815759    /lib/i386-linux-gnu/libgcc_s.so.1
b69ea000-b69eb000 rw-p 0001b000 08:11 6815759    /lib/i386-linux-gnu/libgcc_s.so.1
b69eb000-b6a2f000 r-xp 00000000 08:11 6818729    /lib/i386-linux-gnu/libm-2.19.so
b6a2f000-b6a30000 r--p 00043000 08:11 6818729    /lib/i386-linux-gnu/libm-2.19.so
b6a30000-b6a31000 rw-p 00044000 08:11 6818729    /lib/i386-linux-gnu/libm-2.19.so
b6a31000-b6b0e000 r-xp 00000000 08:11 14030441   /usr/lib/i386-linux-gnu/libstdc++.so.6.0.18
b6b0e000-b6b12000 r--p 000dc000 08:11 14030441   /usr/lib/i386-linux-gnu/libstdc++.so.6.0.18
b6b12000-b6b13000 rw-p 000e0000 08:11 14030441   /usr/lib/i386-linux-gnu/libstdc++.so.6.0.18
b6b13000-b6b1a000 rw-p 00000000 00:00 0 
b6b1a000-b7142000 r-xp 00000000 08:11 16124649   /usr/lib/jvm/java-7-openjdk-i386/jre/lib/i386/client/libjvm.so
b7142000-b7158000 r--p 00627000 08:11 16124649   /usr/lib/jvm/java-7-openjdk-i386/jre/lib/i386/client/libjvm.so
b7158000-b7167000 rw-p 0063d000 08:11 16124649   /usr/lib/jvm/java-7-openjdk-i386/jre/lib/i386/client/libjvm.so
b7167000-b7582000 rw-p 00000000 00:00 0 
b7582000-b759a000 r-xp 00000000 08:11 6816851    /lib/i386-linux-gnu/libz.so.1.2.8
b759a000-b759b000 r--p 00017000 08:11 6816851    /lib/i386-linux-gnu/libz.so.1.2.8
b759b000-b759c000 rw-p 00018000 08:11 6816851    /lib/i386-linux-gnu/libz.so.1.2.8
b759c000-b75b4000 r-xp 00000000 08:11 6816829    /lib/i386-linux-gnu/libpthread-2.19.so
b75b4000-b75b5000 r--p 00017000 08:11 6816829    /lib/i386-linux-gnu/libpthread-2.19.so
b75b5000-b75b6000 rw-p 00018000 08:11 6816829    /lib/i386-linux-gnu/libpthread-2.19.so
b75b6000-b75b8000 rw-p 00000000 00:00 0 
b75b8000-b75bb000 r-xp 00000000 08:11 6818709    /lib/i386-linux-gnu/libdl-2.19.so
b75bb000-b75bc000 r--p 00002000 08:11 6818709    /lib/i386-linux-gnu/libdl-2.19.so
b75bc000-b75bd000 rw-p 00003000 08:11 6818709    /lib/i386-linux-gnu/libdl-2.19.so
b75bd000-b7766000 r-xp 00000000 08:11 6816730    /lib/i386-linux-gnu/libc-2.19.so
b7766000-b7767000 ---p 001a9000 08:11 6816730    /lib/i386-linux-gnu/libc-2.19.so
b7767000-b7769000 r--p 001a9000 08:11 6816730    /lib/i386-linux-gnu/libc-2.19.so
b7769000-b776a000 rw-p 001ab000 08:11 6816730    /lib/i386-linux-gnu/libc-2.19.so
b776a000-b776d000 rw-p 00000000 00:00 0 
b776d000-b7775000 rw-s 00000000 08:11 15991105   /tmp/hsperfdata_jack/17395
b7775000-b7776000 r--p 002bd000 08:11 14031150   /usr/lib/locale/locale-archive
b7776000-b7779000 r-xp 00000000 08:11 15991349   /usr/lib/jvm/java-7-openjdk-i386/jre/lib/i386/libnpt.so
b7779000-b777a000 r--p 00002000 08:11 15991349   /usr/lib/jvm/java-7-openjdk-i386/jre/lib/i386/libnpt.so
b777a000-b777b000 rw-p 00003000 08:11 15991349   /usr/lib/jvm/java-7-openjdk-i386/jre/lib/i386/libnpt.so
b777b000-b777c000 rw-p 00000000 00:00 0 
b777c000-b777d000 ---p 00000000 00:00 0 
b777d000-b778b000 r-xp 00000000 08:11 15991354   /usr/lib/jvm/java-7-openjdk-i386/jre/lib/i386/libverify.so
b778b000-b778c000 r--p 0000d000 08:11 15991354   /usr/lib/jvm/java-7-openjdk-i386/jre/lib/i386/libverify.so
b778c000-b778d000 rw-p 0000e000 08:11 15991354   /usr/lib/jvm/java-7-openjdk-i386/jre/lib/i386/libverify.so
b778d000-b7799000 r-xp 00000000 08:11 16255797   /usr/lib/jvm/java-7-openjdk-i386/jre/lib/i386/jli/libjli.so
b7799000-b779a000 r--p 0000c000 08:11 16255797   /usr/lib/jvm/java-7-openjdk-i386/jre/lib/i386/jli/libjli.so
b779a000-b779b000 rw-p 0000d000 08:11 16255797   /usr/lib/jvm/java-7-openjdk-i386/jre/lib/i386/jli/libjli.so
b779b000-b779e000 rw-p 00000000 00:00 0 
b779e000-b779f000 r-xp 00000000 00:00 0          [vdso]
b779f000-b77bf000 r-xp 00000000 08:11 6818733    /lib/i386-linux-gnu/ld-2.19.so
b77bf000-b77c0000 r--p 0001f000 08:11 6818733    /lib/i386-linux-gnu/ld-2.19.so
b77c0000-b77c1000 rw-p 00020000 08:11 6818733    /lib/i386-linux-gnu/ld-2.19.so
bfce9000-bfcea000 rwxp 00000000 00:00 0 
bfd1c000-bfd3d000 rw-p 00000000 00:00 0          [stack]

VM Arguments:
jvm_args: -agentlib:jdwp=transport=dt_socket,suspend=y,address=localhost:35776 -Dfile.encoding=UTF-8 
java_command: com.mawersoft.projrain.Game
Launcher Type: SUN_STANDARD

Environment Variables:
PATH=/usr/local/sbin:/usr/local/bin:/usr/sbin:/usr/bin:/sbin:/bin:/usr/games:/usr/local/games
LD_LIBRARY_PATH=/usr/lib/jvm/java-7-openjdk-i386/jre/lib/i386/client:/usr/lib/jvm/java-7-openjdk-i386/jre/lib/i386:
SHELL=/bin/bash
DISPLAY=:0

Signal Handlers:
SIGSEGV: [libjvm.so+0x4e4a00], sa_mask[0]=0x7ffbfeff, sa_flags=0x10000004
SIGBUS: [libjvm.so+0x4e4a00], sa_mask[0]=0x7ffbfeff, sa_flags=0x10000004
SIGFPE: [libjvm.so+0x3c5220], sa_mask[0]=0x7ffbfeff, sa_flags=0x10000004
SIGPIPE: [libjvm.so+0x3c5220], sa_mask[0]=0x7ffbfeff, sa_flags=0x10000004
SIGXFSZ: [libjvm.so+0x3c5220], sa_mask[0]=0x7ffbfeff, sa_flags=0x10000004
SIGILL: [libjvm.so+0x3c5220], sa_mask[0]=0x7ffbfeff, sa_flags=0x10000004
SIGUSR1: SIG_DFL, sa_mask[0]=0x00000000, sa_flags=0x00000000
SIGUSR2: [libjvm.so+0x3c50b0], sa_mask[0]=0x00000004, sa_flags=0x10000004
SIGHUP: [libjvm.so+0x3c52e0], sa_mask[0]=0x7ffbfeff, sa_flags=0x10000004
SIGINT: [libjvm.so+0x3c52e0], sa_mask[0]=0x7ffbfeff, sa_flags=0x10000004
SIGTERM: [libjvm.so+0x3c52e0], sa_mask[0]=0x7ffbfeff, sa_flags=0x10000004
SIGQUIT: [libjvm.so+0x3c52e0], sa_mask[0]=0x7ffbfeff, sa_flags=0x10000004
SIGTRAP: SIG_DFL, sa_mask[0]=0x00000000, sa_flags=0x00000000


---------------  S Y S T E M  ---------------

OS:Ubuntu 14.04 (trusty)
uname:Linux 3.11.0-26-generic #45-Ubuntu SMP Tue Jul 15 04:04:15 UTC 2014 i686
libc:glibc 2.19 NPTL 2.19 
rlimit: STACK 8192k, CORE 0k, NPROC 13869, NOFILE 4096, AS infinity
load average:2.50 2.42 2.02

/proc/meminfo:
MemTotal:        1800040 kB
MemFree:          131832 kB
Buffers:            4988 kB
Cached:           248576 kB
SwapCached:            0 kB
Active:          1412456 kB
Inactive:         137728 kB
Active(anon):    1297988 kB
Inactive(anon):    22984 kB
Active(file):     114468 kB
Inactive(file):   114744 kB
Unevictable:         204 kB
Mlocked:             204 kB
HighTotal:        916780 kB
HighFree:          26956 kB
LowTotal:         883260 kB
LowFree:          104876 kB
SwapTotal:             0 kB
SwapFree:              0 kB
Dirty:               932 kB
Writeback:             0 kB
AnonPages:       1296828 kB
Mapped:           100932 kB
Shmem:             24340 kB
Slab:              42704 kB
SReclaimable:      22080 kB
SUnreclaim:        20624 kB
KernelStack:        4472 kB
PageTables:         9988 kB
NFS_Unstable:          0 kB
Bounce:                0 kB
WritebackTmp:          0 kB
CommitLimit:      900020 kB
Committed_AS:    4347444 kB
VmallocTotal:     122880 kB
VmallocUsed:       16504 kB
VmallocChunk:     102488 kB
HardwareCorrupted:     0 kB
AnonHugePages:         0 kB
HugePages_Total:       0
HugePages_Free:        0
HugePages_Rsvd:        0
HugePages_Surp:        0
Hugepagesize:       2048 kB
DirectMap4k:       10232 kB
DirectMap2M:      903168 kB


CPU:total 1 (1 cores per cpu, 1 threads per core) family 16 model 6 stepping 3, cmov, cx8, fxsr, mmx, sse, sse2, sse3, popcnt, mmxext, 3dnowpref, lzcnt, tsc, tscinvbit, tscinv

/proc/cpuinfo:
processor	: 0
vendor_id	: AuthenticAMD
cpu family	: 16
model		: 6
model name	: AMD V160 Processor
stepping	: 3
microcode	: 0x10000c8
cpu MHz		: 1800.000
cache size	: 512 KB
fdiv_bug	: no
f00f_bug	: no
coma_bug	: no
fpu		: yes
fpu_exception	: yes
cpuid level	: 5
wp		: yes
flags		: fpu vme de pse tsc msr pae mce cx8 apic sep mtrr pge mca cmov pat pse36 clflush mmx fxsr sse sse2 syscall nx mmxext fxsr_opt pdpe1gb rdtscp lm 3dnowext 3dnow constant_tsc nonstop_tsc extd_apicid pni monitor cx16 popcnt lahf_lm svm extapic cr8_legacy abm sse4a 3dnowprefetch osvw ibs skinit wdt nodeid_msr hw_pstate npt lbrv svm_lock nrip_save
bogomips	: 4788.29
clflush size	: 64
cache_alignment	: 64
address sizes	: 48 bits physical, 48 bits virtual
power management: ts ttp tm stc 100mhzsteps hwpstate



Memory: 4k page, physical 1800040k(131832k free), swap 0k(0k free)

vm_info: OpenJDK Client VM (24.65-b04) for linux-x86 JRE (1.7.0_65-b32), built on Aug  1 2014 22:01:38 by "buildd" with gcc 4.8.2

time: Fri Aug 29 13:01:11 2014
elapsed time: 1 seconds

